.vscode/android/app/build/outputs/logs/manifest-merger-debug-report.txt
-- Merging decision tree log ---
application
INJECTED from src\main\AndroidManifest.xml:3:4-47:19
MERGED from [:image_picker_android] AndroidManifest.xml:9:5-19:19
MERGED from [:image_picker_android] AndroidManifest.xml:9:5-19:19
MERGED from [:url_launcher_android] AndroidManifest.xml:9:5-14:19
MERGED from [:url_launcher_android] AndroidManifest.xml:9:5-14:19
MERGED from [:flutter_photo_editor] AndroidManifest.xml:9:5-15:19
MERGED from [:flutter_photo_editor] AndroidManifest.xml:9:5-15:19
MERGED from [:telegram_stickers_import] AndroidManifest.xml:9:5-19:19
MERGED from [:telegram_stickers_import] AndroidManifest.xml:9:5-19:19
MERGED from [:whatsapp_stickers_exporter] AndroidManifest.xml:14:5-21:19
MERGED from [:whatsapp_stickers_exporter] AndroidManifest.xml:14:5-21:19
MERGED from [:photo_editor_sdk] AndroidManifest.xml:10:5-19:19
MERGED from [:photo_editor_sdk] AndroidManifest.xml:10:5-19:19
MERGED from [:imgly_sdk] AndroidManifest.xml:10:5-17:19
MERGED from [:imgly_sdk] AndroidManifest.xml:10:5-17:19
MERGED from [ly.img.android.sdk.ui.mobile_ui:camera:10.4.1] AndroidManifest.xml:24:5-31:19
MERGED from [ly.img.android.sdk.ui.mobile_ui:camera:10.4.1] AndroidManifest.xml:24:5-31:19
MERGED from [ly.img.android.sdk.ui.mobile_ui:photo-main:10.4.1] AndroidManifest.xml:22:5-31:19
MERGED from [ly.img.android.sdk.ui.mobile_ui:photo-main:10.4.1] AndroidManifest.xml:22:5-31:19
MERGED from [ly.img.android.sdk.ui.mobile_ui:all:10.4.1] AndroidManifest.xml:24:5-33:19
MERGED from [ly.img.android.sdk.ui.mobile_ui:all:10.4.1] AndroidManifest.xml:24:5-33:19
MERGED from [ly.img.android.sdk.ui.mobile_ui:video-main:10.4.1] AndroidManifest.xml:22:5-30:19
MERGED from [ly.img.android.sdk.ui.mobile_ui:video-main:10.4.1] AndroidManifest.xml:22:5-30:19
MERGED from [ly.img.android.sdk:core:10.4.1] AndroidManifest.xml:34:5-40:19
MERGED from [ly.img.android.sdk:core:10.4.1] AndroidManifest.xml:34:5-40:19
MERGED from [androidx.constraintlayout:constraintlayout:2.1.4] AndroidManifest.xml:9:5-20
MERGED from [androidx.constraintlayout:constraintlayout:2.1.4] AndroidManifest.xml:9:5-20
MERGED from [com.google.android.gms:play-services-base:18.2.0] AndroidManifest.xml:19:5-23:19
MERGED from [com.google.android.gms:play-services-base:18.2.0] AndroidManifest.xml:19:5-23:19
MERGED from [com.google.android.play:review:2.0.1] AndroidManifest.xml:11:5-12:19
MERGED from [com.google.android.play:review:2.0.1] AndroidManifest.xml:11:5-12:19
MERGED from [com.google.android.gms:play-services-tasks:18.0.2] AndroidManifest.xml:5:5-20
MERGED from [com.google.android.gms:play-services-tasks:18.0.2] AndroidManifest.xml:5:5-20
MERGED from [com.google.android.gms:play-services-basement:18.1.0] AndroidManifest.xml:20:5-24:19
MERGED from [com.google.android.gms:play-services-basement:18.1.0] AndroidManifest.xml:20:5-24:19
MERGED from [com.github.bumptech.glide:glide:4.12.0] AndroidManifest.xml:10:5-20
MERGED from [com.github.bumptech.glide:glide:4.12.0] AndroidManifest.xml:10:5-20
MERGED from [androidx.window:window:1.0.0-beta04] AndroidManifest.xml:24:5-31:19
MERGED from [androidx.window:window:1.0.0-beta04] AndroidManifest.xml:24:5-31:19
MERGED from [androidx.emoji2:emoji2:1.0.0] AndroidManifest.xml:25:5-35:19
MERGED from [androidx.emoji2:emoji2:1.0.0] AndroidManifest.xml:25:5-35:19
MERGED from [androidx.core:core:1.10.1] AndroidManifest.xml:28:5-89
MERGED from [androidx.core:core:1.10.1] AndroidManifest.xml:28:5-89
MERGED from [androidx.lifecycle:lifecycle-process:2.6.1] AndroidManifest.xml:23:5-33:19
MERGED from [androidx.lifecycle:lifecycle-process:2.6.1] AndroidManifest.xml:23:5-33:19
MERGED from [com.adivery:sdk:4.6.1] AndroidManifest.xml:48:5-73:19
MERGED from [com.adivery:sdk:4.6.1] AndroidManifest.xml:48:5-73:19
MERGED from [androidx.profileinstaller:profileinstaller:1.3.0] AndroidManifest.xml:23:5-53:19
MERGED from [androidx.profileinstaller:profileinstaller:1.3.0] AndroidManifest.xml:23:5-53:19
MERGED from [androidx.startup:startup-runtime:1.1.1] AndroidManifest.xml:25:5-31:19
MERGED from [androidx.startup:startup-runtime:1.1.1] AndroidManifest.xml:25:5-31:19
MERGED from [androidx.versionedparcelable:versionedparcelable:1.1.1] AndroidManifest.xml:24:5-25:19
MERGED from [androidx.versionedparcelable:versionedparcelable:1.1.1] AndroidManifest.xml:24:5-25:19
MERGED from [com.github.bumptech.glide:gifdecoder:4.12.0] AndroidManifest.xml:9:5-20
MERGED from [com.github.bumptech.glide:gifdecoder:4.12.0] AndroidManifest.xml:9:5-20
MERGED from [com.google.android.play:core-common:2.0.2] AndroidManifest.xml:11:5-19:19
MERGED from [com.google.android.play:core-common:2.0.2] AndroidManifest.xml:11:5-19:19
	android:appComponentFactory
		ADDED from [androidx.core:core:1.10.1] AndroidManifest.xml:28:18-86
	android:largeHeap
		ADDED from [ly.img.android.sdk.ui.mobile_ui:camera:10.4.1] AndroidManifest.xml:24:18-42
	android:name
		INJECTED from src\main\AndroidManifest.xml
provider#androidx.core.content.FileProvider
INJECTED from src\main\AndroidManifest.xml:8:17-16:20
MERGED from [:telegram_stickers_import] AndroidManifest.xml:10:9-18:20
MERGED from [:telegram_stickers_import] AndroidManifest.xml:10:9-18:20
	android:authorities
		INJECTED from src\main\AndroidManifest.xml
manifest
ADDED from src\main\AndroidManifest.xml:1:1-48:12
INJECTED from src\main\AndroidManifest.xml:1:1-48:12
INJECTED from src\main\AndroidManifest.xml:1:1-48:12
INJECTED from src\main\AndroidManifest.xml:1:1-48:12
MERGED from src\main\AndroidManifest.xml:1:1-48:12
MERGED from [:adivery] AndroidManifest.xml:2:1-9:12
MERGED from [:image_picker_android] AndroidManifest.xml:2:1-21:12
MERGED from [:flutter_plugin_android_lifecycle] AndroidManifest.xml:2:1-9:12
MERGED from [:image_gallery_saver] AndroidManifest.xml:2:1-9:12
MERGED from [:flutter_share] AndroidManifest.xml:2:1-9:12
MERGED from [:in_app_review] AndroidManifest.xml:2:1-9:12
MERGED from [:url_launcher_android] AndroidManifest.xml:2:1-16:12
MERGED from [:path_provider_android] AndroidManifest.xml:2:1-9:12
MERGED from [:flutter_image_editor] AndroidManifest.xml:2:1-9:12
MERGED from [:flutter_native_splash] AndroidManifest.xml:2:1-9:12
MERGED from [:image_cropper] AndroidManifest.xml:2:1-9:12
MERGED from [:shared_preferences_android] AndroidManifest.xml:2:1-9:12
MERGED from [:flutter_photo_editor] AndroidManifest.xml:2:1-17:12
MERGED from [:telegram_stickers_import] AndroidManifest.xml:2:1-21:12
MERGED from [:whatsapp_stickers_exporter] AndroidManifest.xml:2:1-23:12
MERGED from [:photo_editor_sdk] AndroidManifest.xml:2:1-21:12
MERGED from [:is_app_installed] AndroidManifest.xml:2:1-9:12
MERGED from [:flutter_image_compress] AndroidManifest.xml:2:1-11:12
MERGED from [:imgly_sdk] AndroidManifest.xml:2:1-19:12
MERGED from [ly.img.android.sdk:config-loader:10.4.1] AndroidManifest.xml:2:1-9:12
MERGED from [ly.img.android.sdk.ui.mobile_ui:camera:10.4.1] AndroidManifest.xml:15:1-33:12
MERGED from [ly.img.android.sdk.ui.mobile_ui:photo-main:10.4.1] AndroidManifest.xml:15:1-33:12
MERGED from [ly.img.android.sdk.ui.mobile_ui:all:10.4.1] AndroidManifest.xml:15:1-35:12
MERGED from [ly.img.android.sdk.ui.mobile_ui:adjustment:10.4.1] AndroidManifest.xml:2:1-9:12
MERGED from [ly.img.android.sdk.ui.mobile_ui:brush:10.4.1] AndroidManifest.xml:2:1-9:12
MERGED from [ly.img.android.sdk.ui.mobile_ui:filter:10.4.1] AndroidManifest.xml:2:1-9:12
MERGED from [ly.img.android.sdk.ui.mobile_ui:focus:10.4.1] AndroidManifest.xml:2:1-9:12
MERGED from [ly.img.android.sdk.assets:frame-basic:10.4.1] AndroidManifest.xml:2:1-9:12
MERGED from [ly.img.android.sdk.ui.mobile_ui:frame:10.4.1] AndroidManifest.xml:2:1-9:12
MERGED from [ly.img.android.sdk.assets:overlay-basic:10.4.1] AndroidManifest.xml:2:1-9:12
MERGED from [ly.img.android.sdk.ui.mobile_ui:overlay:10.4.1] AndroidManifest.xml:2:1-9:12
MERGED from [ly.img.android.sdk.ui.mobile_ui:giphy-sticker:10.4.1] AndroidManifest.xml:2:1-9:12
MERGED from [ly.img.android.sdk.ui.mobile_ui:sticker:10.4.1] AndroidManifest.xml:2:1-9:12
MERGED from [ly.img.android.sdk.assets:font-basic:10.4.1] AndroidManifest.xml:2:1-9:12
MERGED from [ly.img.android.sdk.ui.mobile_ui:text-design:10.4.1] AndroidManifest.xml:2:1-9:12
MERGED from [ly.img.android.sdk.operation:text-design:10.4.1] AndroidManifest.xml:2:1-9:12
MERGED from [ly.img.android.sdk.assets:font-text-design:10.4.1] AndroidManifest.xml:2:1-9:12
MERGED from [ly.img.android.sdk.assets:font-shared:10.4.1] AndroidManifest.xml:2:1-9:12
MERGED from [ly.img.android.sdk.ui.mobile_ui:text:10.4.1] AndroidManifest.xml:2:1-9:12
MERGED from [ly.img.android.sdk.ui.mobile_ui:transform:10.4.1] AndroidManifest.xml:2:1-9:12
MERGED from [ly.img.android.sdk.ui.mobile_ui:video-main:10.4.1] AndroidManifest.xml:15:1-32:12
MERGED from [ly.img.android.sdk.ui.mobile_ui:video-composition:10.4.1] AndroidManifest.xml:2:1-9:12
MERGED from [ly.img.android.sdk.ui.mobile_ui:audio-composition:10.4.1] AndroidManifest.xml:2:1-9:12
MERGED from [ly.img.android.sdk.ui.mobile_ui:video-library:10.4.1] AndroidManifest.xml:2:1-9:12
MERGED from [ly.img.android.sdk.ui.mobile_ui:sprite-duration:10.4.1] AndroidManifest.xml:2:1-9:12
MERGED from [ly.img.android.sdk.ui.mobile_ui:video-trim:10.4.1] AndroidManifest.xml:2:1-9:12
MERGED from [ly.img.android.sdk.ui.mobile_ui:core:10.4.1] AndroidManifest.xml:2:1-9:12
MERGED from [ly.img.android.sdk.operation:photo-core:10.4.1] AndroidManifest.xml:2:1-9:12
MERGED from [ly.img.android.sdk.assets:filter-basic:10.4.1] AndroidManifest.xml:2:1-9:12
MERGED from [ly.img.android.sdk.assets:sticker-emoticons:10.4.1] AndroidManifest.xml:2:1-9:12
MERGED from [ly.img.android.sdk.assets:sticker-shapes:10.4.1] AndroidManifest.xml:2:1-9:12
MERGED from [ly.img.android.sdk.assets:sticker-animated:10.4.1] AndroidManifest.xml:2:1-9:12
MERGED from [ly.img.android.sdk.operation:sticker:10.4.1] AndroidManifest.xml:2:1-9:12
MERGED from [ly.img.android.sdk.operation:text:10.4.1] AndroidManifest.xml:2:1-9:12
MERGED from [ly.img.android.sdk.operation:sticker-animated:10.4.1] AndroidManifest.xml:15:1-24:12
MERGED from [ly.img.android.sdk.operation:abstract-sticker:10.4.1] AndroidManifest.xml:2:1-9:12
MERGED from [ly.img.android.sdk.operation:adjustment:10.4.1] AndroidManifest.xml:2:1-9:12
MERGED from [ly.img.android.sdk.operation:brush:10.4.1] AndroidManifest.xml:2:1-9:12
MERGED from [ly.img.android.sdk.operation:camera:10.4.1] AndroidManifest.xml:15:1-28:12
MERGED from [ly.img.android.sdk.operation:filter:10.4.1] AndroidManifest.xml:2:1-9:12
MERGED from [ly.img.android.sdk.operation:focus:10.4.1] AndroidManifest.xml:2:1-9:12
MERGED from [ly.img.android.sdk.operation:frame:10.4.1] AndroidManifest.xml:2:1-9:12
MERGED from [ly.img.android.sdk.operation:overlay:10.4.1] AndroidManifest.xml:2:1-9:12
MERGED from [ly.img.android.sdk.operation:video-core:10.4.1] AndroidManifest.xml:2:1-9:12
MERGED from [ly.img.android.sdk:core:10.4.1] AndroidManifest.xml:15:1-42:12
MERGED from [com.github.yalantis:ucrop:2.2.8] AndroidManifest.xml:2:1-11:12
MERGED from [androidx.constraintlayout:constraintlayout:2.1.4] AndroidManifest.xml:2:1-11:12
MERGED from [androidx.appcompat:appcompat:1.4.0] AndroidManifest.xml:17:1-24:12
MERGED from [com.google.android.gms:play-services-base:18.2.0] AndroidManifest.xml:16:1-24:12
MERGED from [com.google.android.play:review:2.0.1] AndroidManifest.xml:2:1-14:12
MERGED from [com.google.android.gms:play-services-tasks:18.0.2] AndroidManifest.xml:2:1-6:12
MERGED from [com.google.android.gms:play-services-basement:18.1.0] AndroidManifest.xml:16:1-26:12
MERGED from [com.github.bumptech.glide:glide:4.12.0] AndroidManifest.xml:2:1-12:12
MERGED from [androidx.fragment:fragment:1.3.6] AndroidManifest.xml:17:1-24:12
MERGED from [androidx.activity:activity:1.7.2] AndroidManifest.xml:17:1-22:12
MERGED from [androidx.browser:browser:1.5.0] AndroidManifest.xml:17:1-22:12
MERGED from [androidx.window:window-java:1.0.0-beta04] AndroidManifest.xml:17:1-23:12
MERGED from [androidx.transition:transition:1.4.1] AndroidManifest.xml:17:1-24:12
MERGED from [androidx.asynclayoutinflater:asynclayoutinflater:1.0.0] AndroidManifest.xml:17:1-22:12
MERGED from [androidx.appcompat:appcompat-resources:1.4.0] AndroidManifest.xml:17:1-24:12
MERGED from [androidx.vectordrawable:vectordrawable-animated:1.1.0] AndroidManifest.xml:17:1-24:12
MERGED from [androidx.vectordrawable:vectordrawable:1.1.0] AndroidManifest.xml:17:1-24:12
MERGED from [androidx.paging:paging-runtime-ktx:3.1.0] AndroidManifest.xml:17:1-24:12
MERGED from [androidx.paging:paging-runtime:3.1.0] AndroidManifest.xml:17:1-24:12
MERGED from [androidx.recyclerview:recyclerview:1.2.1] AndroidManifest.xml:17:1-24:12
MERGED from [androidx.window:window:1.0.0-beta04] AndroidManifest.xml:17:1-33:12
MERGED from [androidx.drawerlayout:drawerlayout:1.0.0] AndroidManifest.xml:17:1-22:12
MERGED from [androidx.emoji2:emoji2-views-helper:1.0.0] AndroidManifest.xml:17:1-24:12
MERGED from [androidx.emoji2:emoji2:1.0.0] AndroidManifest.xml:17:1-37:12
MERGED from [androidx.viewpager:viewpager:1.0.0] AndroidManifest.xml:17:1-22:12
MERGED from [androidx.customview:customview:1.0.0] AndroidManifest.xml:17:1-22:12
MERGED from [androidx.core:core-ktx:1.10.1] AndroidManifest.xml:2:1-7:12
MERGED from [androidx.loader:loader:1.0.0] AndroidManifest.xml:17:1-22:12
MERGED from [androidx.core:core:1.10.1] AndroidManifest.xml:17:1-30:12
MERGED from [androidx.savedstate:savedstate:1.2.1] AndroidManifest.xml:17:1-22:12
MERGED from [androidx.lifecycle:lifecycle-livedata-core-ktx:2.6.1] AndroidManifest.xml:17:1-22:12
MERGED from [androidx.lifecycle:lifecycle-viewmodel-ktx:2.6.1] AndroidManifest.xml:17:1-22:12
MERGED from [androidx.lifecycle:lifecycle-runtime-ktx:2.6.1] AndroidManifest.xml:17:1-22:12
MERGED from [androidx.lifecycle:lifecycle-livedata-ktx:2.6.1] AndroidManifest.xml:17:1-22:12
MERGED from [androidx.lifecycle:lifecycle-livedata:2.6.1] AndroidManifest.xml:17:1-22:12
MERGED from [androidx.lifecycle:lifecycle-process:2.6.1] AndroidManifest.xml:17:1-35:12
MERGED from [androidx.lifecycle:lifecycle-livedata-core:2.6.1] AndroidManifest.xml:17:1-22:12
MERGED from [androidx.lifecycle:lifecycle-viewmodel:2.6.1] AndroidManifest.xml:17:1-22:12
MERGED from [androidx.lifecycle:lifecycle-runtime:2.6.1] AndroidManifest.xml:2:1-7:12
MERGED from [androidx.lifecycle:lifecycle-viewmodel-savedstate:2.6.1] AndroidManifest.xml:17:1-22:12
MERGED from [androidx.multidex:multidex:2.0.1] AndroidManifest.xml:17:1-22:12
MERGED from [com.adivery:sdk:4.6.1] AndroidManifest.xml:2:1-75:12
MERGED from [androidx.exifinterface:exifinterface:1.3.6] AndroidManifest.xml:17:1-24:12
MERGED from [androidx.heifwriter:heifwriter:1.0.0] AndroidManifest.xml:17:1-22:12
MERGED from [androidx.profileinstaller:profileinstaller:1.3.0] AndroidManifest.xml:17:1-55:12
MERGED from [androidx.startup:startup-runtime:1.1.1] AndroidManifest.xml:17:1-33:12
MERGED from [androidx.tracing:tracing:1.0.0] AndroidManifest.xml:17:1-24:12
MERGED from [androidx.interpolator:interpolator:1.0.0] AndroidManifest.xml:17:1-22:12
MERGED from [androidx.versionedparcelable:versionedparcelable:1.1.1] AndroidManifest.xml:17:1-27:12
MERGED from [androidx.cursoradapter:cursoradapter:1.0.0] AndroidManifest.xml:17:1-22:12
MERGED from [androidx.arch.core:core-runtime:2.2.0] AndroidManifest.xml:17:1-22:12
MERGED from [com.github.bumptech.glide:gifdecoder:4.12.0] AndroidManifest.xml:2:1-11:12
MERGED from [androidx.annotation:annotation-experimental:1.3.0] AndroidManifest.xml:17:1-22:12
MERGED from [com.google.android.play:core-common:2.0.2] AndroidManifest.xml:2:1-21:12
MERGED from [ly.img.android:authorization:9.0.0.0] AndroidManifest.xml:2:1-11:12
MERGED from [pl.droidsonroids.gif:android-gif-drawable:1.2.19] AndroidManifest.xml:2:1-9:12
MERGED from [pl.droidsonroids:relinker:1.3.1] AndroidManifest.xml:2:1-7:12
INJECTED from src\debug\AndroidManifest.xml:1:1-8:12
INJECTED from src\debug\AndroidManifest.xml:1:1-8:12
INJECTED from src\debug\AndroidManifest.xml:1:1-8:12
	package
		ADDED from src\main\AndroidManifest.xml:2:5-45
		INJECTED from src\main\AndroidManifest.xml
		INJECTED from src\debug\AndroidManifest.xml
	android:versionName
		INJECTED from src\main\AndroidManifest.xml
		ADDED from src\main\AndroidManifest.xml:1:1-48:12
		INJECTED from src\debug\AndroidManifest.xml
	android:versionCode
		INJECTED from src\main\AndroidManifest.xml
		ADDED from src\main\AndroidManifest.xml:1:1-48:12
		INJECTED from src\debug\AndroidManifest.xml
	xmlns:android
		ADDED from src\main\AndroidManifest.xml:1:11-69
uses-sdk
INJECTED from src\main\AndroidManifest.xml reason: use-sdk injection requested
INJECTED from src\main\AndroidManifest.xml
INJECTED from src\main\AndroidManifest.xml
MERGED from [:adivery] AndroidManifest.xml:5:5-7:41
MERGED from [:adivery] AndroidManifest.xml:5:5-7:41
MERGED from [:image_picker_android] AndroidManifest.xml:5:5-7:41
MERGED from [:image_picker_android] AndroidManifest.xml:5:5-7:41
MERGED from [:flutter_plugin_android_lifecycle] AndroidManifest.xml:5:5-7:41
MERGED from [:flutter_plugin_android_lifecycle] AndroidManifest.xml:5:5-7:41
MERGED from [:image_gallery_saver] AndroidManifest.xml:5:5-7:41
MERGED from [:image_gallery_saver] AndroidManifest.xml:5:5-7:41
MERGED from [:flutter_share] AndroidManifest.xml:5:5-7:41
MERGED from [:flutter_share] AndroidManifest.xml:5:5-7:41
MERGED from [:in_app_review] AndroidManifest.xml:5:5-7:41
MERGED from [:in_app_review] AndroidManifest.xml:5:5-7:41
MERGED from [:url_launcher_android] AndroidManifest.xml:5:5-7:41
MERGED from [:url_launcher_android] AndroidManifest.xml:5:5-7:41
MERGED from [:path_provider_android] AndroidManifest.xml:5:5-7:41
MERGED from [:path_provider_android] AndroidManifest.xml:5:5-7:41
MERGED from [:flutter_image_editor] AndroidManifest.xml:5:5-7:41
MERGED from [:flutter_image_editor] AndroidManifest.xml:5:5-7:41
MERGED from [:flutter_native_splash] AndroidManifest.xml:5:5-7:41
MERGED from [:flutter_native_splash] AndroidManifest.xml:5:5-7:41
MERGED from [:image_cropper] AndroidManifest.xml:5:5-7:41
MERGED from [:image_cropper] AndroidManifest.xml:5:5-7:41
MERGED from [:shared_preferences_android] AndroidManifest.xml:5:5-7:41
MERGED from [:shared_preferences_android] AndroidManifest.xml:5:5-7:41
MERGED from [:flutter_photo_editor] AndroidManifest.xml:5:5-7:41
MERGED from [:flutter_photo_editor] AndroidManifest.xml:5:5-7:41
MERGED from [:telegram_stickers_import] AndroidManifest.xml:5:5-7:41
MERGED from [:telegram_stickers_import] AndroidManifest.xml:5:5-7:41
MERGED from [:whatsapp_stickers_exporter] AndroidManifest.xml:5:5-7:41
MERGED from [:whatsapp_stickers_exporter] AndroidManifest.xml:5:5-7:41
MERGED from [:photo_editor_sdk] AndroidManifest.xml:6:5-8:41
MERGED from [:photo_editor_sdk] AndroidManifest.xml:6:5-8:41
MERGED from [:is_app_installed] AndroidManifest.xml:5:5-7:41
MERGED from [:is_app_installed] AndroidManifest.xml:5:5-7:41
MERGED from [:flutter_image_compress] AndroidManifest.xml:6:5-9:55
MERGED from [:flutter_image_compress] AndroidManifest.xml:6:5-9:55
MERGED from [:imgly_sdk] AndroidManifest.xml:6:5-8:41
MERGED from [:imgly_sdk] AndroidManifest.xml:6:5-8:41
MERGED from [ly.img.android.sdk:config-loader:10.4.1] AndroidManifest.xml:5:5-7:41
MERGED from [ly.img.android.sdk:config-loader:10.4.1] AndroidManifest.xml:5:5-7:41
MERGED from [ly.img.android.sdk.ui.mobile_ui:camera:10.4.1] AndroidManifest.xml:18:5-20:41
MERGED from [ly.img.android.sdk.ui.mobile_ui:camera:10.4.1] AndroidManifest.xml:18:5-20:41
MERGED from [ly.img.android.sdk.ui.mobile_ui:photo-main:10.4.1] AndroidManifest.xml:18:5-20:41
MERGED from [ly.img.android.sdk.ui.mobile_ui:photo-main:10.4.1] AndroidManifest.xml:18:5-20:41
MERGED from [ly.img.android.sdk.ui.mobile_ui:all:10.4.1] AndroidManifest.xml:18:5-20:41
MERGED from [ly.img.android.sdk.ui.mobile_ui:all:10.4.1] AndroidManifest.xml:18:5-20:41
MERGED from [ly.img.android.sdk.ui.mobile_ui:adjustment:10.4.1] AndroidManifest.xml:5:5-7:41
MERGED from [ly.img.android.sdk.ui.mobile_ui:adjustment:10.4.1] AndroidManifest.xml:5:5-7:41
MERGED from [ly.img.android.sdk.ui.mobile_ui:brush:10.4.1] AndroidManifest.xml:5:5-7:41
MERGED from [ly.img.android.sdk.ui.mobile_ui:brush:10.4.1] AndroidManifest.xml:5:5-7:41
MERGED from [ly.img.android.sdk.ui.mobile_ui:filter:10.4.1] AndroidManifest.xml:5:5-7:41
MERGED from [ly.img.android.sdk.ui.mobile_ui:filter:10.4.1] AndroidManifest.xml:5:5-7:41
MERGED from [ly.img.android.sdk.ui.mobile_ui:focus:10.4.1] AndroidManifest.xml:5:5-7:41
MERGED from [ly.img.android.sdk.ui.mobile_ui:focus:10.4.1] AndroidManifest.xml:5:5-7:41
MERGED from [ly.img.android.sdk.assets:frame-basic:10.4.1] AndroidManifest.xml:5:5-7:41
MERGED from [ly.img.android.sdk.assets:frame-basic:10.4.1] AndroidManifest.xml:5:5-7:41
MERGED from [ly.img.android.sdk.ui.mobile_ui:frame:10.4.1] AndroidManifest.xml:5:5-7:41
MERGED from [ly.img.android.sdk.ui.mobile_ui:frame:10.4.1] AndroidManifest.xml:5:5-7:41
MERGED from [ly.img.android.sdk.assets:overlay-basic:10.4.1] AndroidManifest.xml:5:5-7:41
MERGED from [ly.img.android.sdk.assets:overlay-basic:10.4.1] AndroidManifest.xml:5:5-7:41
MERGED from [ly.img.android.sdk.ui.mobile_ui:overlay:10.4.1] AndroidManifest.xml:5:5-7:41
MERGED from [ly.img.android.sdk.ui.mobile_ui:overlay:10.4.1] AndroidManifest.xml:5:5-7:41
MERGED from [ly.img.android.sdk.ui.mobile_ui:giphy-sticker:10.4.1] AndroidManifest.xml:5:5-7:41
MERGED from [ly.img.android.sdk.ui.mobile_ui:giphy-sticker:10.4.1] AndroidManifest.xml:5:5-7:41
MERGED from [ly.img.android.sdk.ui.mobile_ui:sticker:10.4.1] AndroidManifest.xml:5:5-7:41
MERGED from [ly.img.android.sdk.ui.mobile_ui:sticker:10.4.1] AndroidManifest.xml:5:5-7:41
MERGED from [ly.img.android.sdk.assets:font-basic:10.4.1] AndroidManifest.xml:5:5-7:41
MERGED from [ly.img.android.sdk.assets:font-basic:10.4.1] AndroidManifest.xml:5:5-7:41
MERGED from [ly.img.android.sdk.ui.mobile_ui:text-design:10.4.1] AndroidManifest.xml:5:5-7:41
MERGED from [ly.img.android.sdk.ui.mobile_ui:text-design:10.4.1] AndroidManifest.xml:5:5-7:41
MERGED from [ly.img.android.sdk.operation:text-design:10.4.1] AndroidManifest.xml:5:5-7:41
MERGED from [ly.img.android.sdk.operation:text-design:10.4.1] AndroidManifest.xml:5:5-7:41
MERGED from [ly.img.android.sdk.assets:font-text-design:10.4.1] AndroidManifest.xml:5:5-7:41
MERGED from [ly.img.android.sdk.assets:font-text-design:10.4.1] AndroidManifest.xml:5:5-7:41
MERGED from [ly.img.android.sdk.assets:font-shared:10.4.1] AndroidManifest.xml:5:5-7:41
MERGED from [ly.img.android.sdk.assets:font-shared:10.4.1] AndroidManifest.xml:5:5-7:41
MERGED from [ly.img.android.sdk.ui.mobile_ui:text:10.4.1] AndroidManifest.xml:5:5-7:41
MERGED from [ly.img.android.sdk.ui.mobile_ui:text:10.4.1] AndroidManifest.xml:5:5-7:41
MERGED from [ly.img.android.sdk.ui.mobile_ui:transform:10.4.1] AndroidManifest.xml:5:5-7:41
MERGED from [ly.img.android.sdk.ui.mobile_ui:transform:10.4.1] AndroidManifest.xml:5:5-7:41
MERGED from [ly.img.android.sdk.ui.mobile_ui:video-main:10.4.1] AndroidManifest.xml:18:5-20:41
MERGED from [ly.img.android.sdk.ui.mobile_ui:video-main:10.4.1] AndroidManifest.xml:18:5-20:41
MERGED from [ly.img.android.sdk.ui.mobile_ui:video-composition:10.4.1] AndroidManifest.xml:5:5-7:41
MERGED from [ly.img.android.sdk.ui.mobile_ui:video-composition:10.4.1] AndroidManifest.xml:5:5-7:41
MERGED from [ly.img.android.sdk.ui.mobile_ui:audio-composition:10.4.1] AndroidManifest.xml:5:5-7:41
MERGED from [ly.img.android.sdk.ui.mobile_ui:audio-composition:10.4.1] AndroidManifest.xml:5:5-7:41
MERGED from [ly.img.android.sdk.ui.mobile_ui:video-library:10.4.1] AndroidManifest.xml:5:5-7:41
MERGED from [ly.img.android.sdk.ui.mobile_ui:video-library:10.4.1] AndroidManifest.xml:5:5-7:41
MERGED from [ly.img.android.sdk.ui.mobile_ui:sprite-duration:10.4.1] AndroidManifest.xml:5:5-7:41
MERGED from [ly.img.android.sdk.ui.mobile_ui:sprite-duration:10.4.1] AndroidManifest.xml:5:5-7:41
MERGED from [ly.img.android.sdk.ui.mobile_ui:video-trim:10.4.1] AndroidManifest.xml:5:5-7:41
MERGED from [ly.img.android.sdk.ui.mobile_ui:video-trim:10.4.1] AndroidManifest.xml:5:5-7:41
MERGED from [ly.img.android.sdk.ui.mobile_ui:core:10.4.1] AndroidManifest.xml:5:5-7:41
MERGED from [ly.img.android.sdk.ui.mobile_ui:core:10.4.1] AndroidManifest.xml:5:5-7:41
MERGED from [ly.img.android.sdk.operation:photo-core:10.4.1] AndroidManifest.xml:5:5-7:41
MERGED from [ly.img.android.sdk.operation:photo-core:10.4.1] AndroidManifest.xml:5:5-7:41
MERGED from [ly.img.android.sdk.assets:filter-basic:10.4.1] AndroidManifest.xml:5:5-7:41
MERGED from [ly.img.android.sdk.assets:filter-basic:10.4.1] AndroidManifest.xml:5:5-7:41
MERGED from [ly.img.android.sdk.assets:sticker-emoticons:10.4.1] AndroidManifest.xml:5:5-7:41
MERGED from [ly.img.android.sdk.assets:sticker-emoticons:10.4.1] AndroidManifest.xml:5:5-7:41
MERGED from [ly.img.android.sdk.assets:sticker-shapes:10.4.1] AndroidManifest.xml:5:5-7:41
MERGED from [ly.img.android.sdk.assets:sticker-shapes:10.4.1] AndroidManifest.xml:5:5-7:41
MERGED from [ly.img.android.sdk.assets:sticker-animated:10.4.1] AndroidManifest.xml:5:5-7:41
MERGED from [ly.img.android.sdk.assets:sticker-animated:10.4.1] AndroidManifest.xml:5:5-7:41
MERGED from [ly.img.android.sdk.operation:sticker:10.4.1] AndroidManifest.xml:5:5-7:41
MERGED from [ly.img.android.sdk.operation:sticker:10.4.1] AndroidManifest.xml:5:5-7:41
MERGED from [ly.img.android.sdk.operation:text:10.4.1] AndroidManifest.xml:5:5-7:41
MERGED from [ly.img.android.sdk.operation:text:10.4.1] AndroidManifest.xml:5:5-7:41
MERGED from [ly.img.android.sdk.operation:sticker-animated:10.4.1] AndroidManifest.xml:19:5-22:56
MERGED from [ly.img.android.sdk.operation:sticker-animated:10.4.1] AndroidManifest.xml:19:5-22:56
MERGED from [ly.img.android.sdk.operation:abstract-sticker:10.4.1] AndroidManifest.xml:5:5-7:41
MERGED from [ly.img.android.sdk.operation:abstract-sticker:10.4.1] AndroidManifest.xml:5:5-7:41
MERGED from [ly.img.android.sdk.operation:adjustment:10.4.1] AndroidManifest.xml:5:5-7:41
MERGED from [ly.img.android.sdk.operation:adjustment:10.4.1] AndroidManifest.xml:5:5-7:41
MERGED from [ly.img.android.sdk.operation:brush:10.4.1] AndroidManifest.xml:5:5-7:41
MERGED from [ly.img.android.sdk.operation:brush:10.4.1] AndroidManifest.xml:5:5-7:41
MERGED from [ly.img.android.sdk.operation:camera:10.4.1] AndroidManifest.xml:18:5-20:41
MERGED from [ly.img.android.sdk.operation:camera:10.4.1] AndroidManifest.xml:18:5-20:41
MERGED from [ly.img.android.sdk.operation:filter:10.4.1] AndroidManifest.xml:5:5-7:41
MERGED from [ly.img.android.sdk.operation:filter:10.4.1] AndroidManifest.xml:5:5-7:41
MERGED from [ly.img.android.sdk.operation:focus:10.4.1] AndroidManifest.xml:5:5-7:41
MERGED from [ly.img.android.sdk.operation:focus:10.4.1] AndroidManifest.xml:5:5-7:41
MERGED from [ly.img.android.sdk.operation:frame:10.4.1] AndroidManifest.xml:5:5-7:41
MERGED from [ly.img.android.sdk.operation:frame:10.4.1] AndroidManifest.xml:5:5-7:41
MERGED from [ly.img.android.sdk.operation:overlay:10.4.1] AndroidManifest.xml:5:5-7:41
MERGED from [ly.img.android.sdk.operation:overlay:10.4.1] AndroidManifest.xml:5:5-7:41
MERGED from [ly.img.android.sdk.operation:video-core:10.4.1] AndroidManifest.xml:5:5-7:41
MERGED from [ly.img.android.sdk.operation:video-core:10.4.1] AndroidManifest.xml:5:5-7:41
MERGED from [ly.img.android.sdk:core:10.4.1] AndroidManifest.xml:18:5-20:41
MERGED from [ly.img.android.sdk:core:10.4.1] AndroidManifest.xml:18:5-20:41
MERGED from [com.github.yalantis:ucrop:2.2.8] AndroidManifest.xml:7:5-9:41
MERGED from [com.github.yalantis:ucrop:2.2.8] AndroidManifest.xml:7:5-9:41
MERGED from [androidx.constraintlayout:constraintlayout:2.1.4] AndroidManifest.xml:5:5-7:41
MERGED from [androidx.constraintlayout:constraintlayout:2.1.4] AndroidManifest.xml:5:5-7:41
MERGED from [androidx.appcompat:appcompat:1.4.0] AndroidManifest.xml:20:5-22:41
MERGED from [androidx.appcompat:appcompat:1.4.0] AndroidManifest.xml:20:5-22:41
MERGED from [com.google.android.gms:play-services-base:18.2.0] AndroidManifest.xml:18:5-43
MERGED from [com.google.android.gms:play-services-base:18.2.0] AndroidManifest.xml:18:5-43
MERGED from [com.google.android.play:review:2.0.1] AndroidManifest.xml:7:5-9:41
MERGED from [com.google.android.play:review:2.0.1] AndroidManifest.xml:7:5-9:41
MERGED from [com.google.android.gms:play-services-tasks:18.0.2] AndroidManifest.xml:4:5-43
MERGED from [com.google.android.gms:play-services-tasks:18.0.2] AndroidManifest.xml:4:5-43
MERGED from [com.google.android.gms:play-services-basement:18.1.0] AndroidManifest.xml:18:5-43
MERGED from [com.google.android.gms:play-services-basement:18.1.0] AndroidManifest.xml:18:5-43
MERGED from [com.github.bumptech.glide:glide:4.12.0] AndroidManifest.xml:6:5-8:41
MERGED from [com.github.bumptech.glide:glide:4.12.0] AndroidManifest.xml:6:5-8:41
MERGED from [androidx.fragment:fragment:1.3.6] AndroidManifest.xml:20:5-22:41
MERGED from [androidx.fragment:fragment:1.3.6] AndroidManifest.xml:20:5-22:41
MERGED from [androidx.activity:activity:1.7.2] AndroidManifest.xml:20:5-44
MERGED from [androidx.activity:activity:1.7.2] AndroidManifest.xml:20:5-44
MERGED from [androidx.browser:browser:1.5.0] AndroidManifest.xml:20:5-44
MERGED from [androidx.browser:browser:1.5.0] AndroidManifest.xml:20:5-44
MERGED from [androidx.window:window-java:1.0.0-beta04] AndroidManifest.xml:19:5-21:41
MERGED from [androidx.window:window-java:1.0.0-beta04] AndroidManifest.xml:19:5-21:41
MERGED from [androidx.transition:transition:1.4.1] AndroidManifest.xml:20:5-22:41
MERGED from [androidx.transition:transition:1.4.1] AndroidManifest.xml:20:5-22:41
MERGED from [androidx.asynclayoutinflater:asynclayoutinflater:1.0.0] AndroidManifest.xml:20:5-44
MERGED from [androidx.asynclayoutinflater:asynclayoutinflater:1.0.0] AndroidManifest.xml:20:5-44
MERGED from [androidx.appcompat:appcompat-resources:1.4.0] AndroidManifest.xml:20:5-22:41
MERGED from [androidx.appcompat:appcompat-resources:1.4.0] AndroidManifest.xml:20:5-22:41
MERGED from [androidx.vectordrawable:vectordrawable-animated:1.1.0] AndroidManifest.xml:20:5-22:41